生成启动时间为 2018/5/10 15:12:29。
     1>项目“C:\Users\lxasdiop\Documents\Visual Studio 2013\Projects\searchaddre\searchaddre\searchaddre.vcxproj”在节点 2 上(Rebuild 个目标)。
     1>StampInf:
         C:\Program Files (x86)\Windows Kits\8.1\bin\x86\stampinf.exe -d "*" -a "amd64" -v "*" -k "1.11" -u "1.11.0" -f x64\Win7Debug\searchaddre.inf 
         Stamping x64\Win7Debug\searchaddre.inf [Version] section with DriverVer=05/10/2018,15.12.30.61
       CustomBuild:
         Performing Custom Build Tools
         Microsoft (R) Macro Assembler (x64) Version 12.00.40629.0
         Copyright (C) Microsoft Corporation.  All rights reserved.
         
          Assembling: dispg.asm
       ClCompile:
         D:\Program Files (x86)\Microsoft Visual Studio 12.0\VC\bin\x86_amd64\CL.exe /c /Ix64\Win7Debug\ /Zi /nologo /W3 /WX- /Od /Oi /Oy- /D _WIN64 /D _AMD64_ /D AMD64 /D DEPRECATE_DDK_FUNCTIONS=1 /D MSC_NOOPT /D _WIN32_WINNT=0x0601 /D WINVER=0x0601 /D WINNT=1 /D NTDDI_VERSION=0x06010000 /D DBG=1 /GF /Gm- /Zp8 /GS /Gy /fp:precise /Zc:wchar_t- /Zc:forScope- /GR- /Fo"x64\Win7Debug\\" /Fd"x64\Win7Debug\vc120.pdb" /Gz /wd4748 /wd4603 /wd4627 /wd4986 /wd4987 /wd4996 /FI"C:\Program Files (x86)\Windows Kits\8.1\Include\Shared\warning.h" /errorReport:prompt /kernel -cbstring -d2epilogunwind /d1import_no_registry /d2AllowCompatibleILVersions /d2Zi+ hookfun.c main.c x64detour.c x64tool.c
         hookfun.c
         main.c
         x64detour.c
         x64tool.c
     1>x64tool.c(303): warning C4242: “=”: 从“ULONG_PTR”转换到“ULONG”，可能丢失数据
         正在生成代码...
       Link:
         D:\Program Files (x86)\Microsoft Visual Studio 12.0\VC\bin\x86_amd64\link.exe /ERRORREPORT:PROMPT /OUT:"C:\Users\lxasdiop\Documents\Visual Studio 2013\Projects\searchaddre\x64\Win7Debug\passpgx64.sys" /VERSION:"6.3" /INCREMENTAL:NO /NOLOGO /WX /SECTION:"INIT,d" "C:\Program Files (x86)\Windows Kits\8.1\lib\win7\KM\x64\BufferOverflowK.lib" "C:\Program Files (x86)\Windows Kits\8.1\lib\win7\KM\x64\ntoskrnl.lib" "C:\Program Files (x86)\Windows Kits\8.1\lib\win7\KM\x64\hal.lib" "C:\Program Files (x86)\Windows Kits\8.1\lib\win7\KM\x64\wmilib.lib" /NODEFAULTLIB /MANIFEST:NO /DEBUG /PDB:"C:\Users\lxasdiop\Documents\Visual Studio 2013\Projects\searchaddre\x64\Win7Debug\passpgx64.pdb" /SUBSYSTEM:NATIVE,"6.01" /Driver /OPT:REF /OPT:ICF /ENTRY:"GsDriverEntry" /RELEASE /IMPLIB:"C:\Users\lxasdiop\Documents\Visual Studio 2013\Projects\searchaddre\x64\Win7Debug\passpgx64.lib" /MERGE:"_TEXT=.text;_PAGE=PAGE" /MACHINE:X64 /PROFILE /kernel /IGNORE:4198,4010,4037,4039,4065,4070,4078,4087,4089,4221,4108,4088,4218,4218,4235 /osversion:6.3 /pdbcompress /debugtype:pdata dispg.obj
         x64\Win7Debug\hookfun.obj
         x64\Win7Debug\main.obj
         x64\Win7Debug\x64detour.obj
         x64\Win7Debug\x64tool.obj
         searchaddre.vcxproj -> C:\Users\lxasdiop\Documents\Visual Studio 2013\Projects\searchaddre\x64\Win7Debug\passpgx64.sys
       DriverTestSign:
         C:\Program Files (x86)\Windows Kits\8.1\bin\x86\signtool.exe sign /ph /sha1 "66E31BB13622764C42D413ED44D434ECB1EC673F" 
         Done Adding Additional Store
         Successfully signed: C:\Users\lxasdiop\Documents\Visual Studio 2013\Projects\searchaddre\x64\Win7Debug\passpgx64.sys
         
     1>已完成生成项目“C:\Users\lxasdiop\Documents\Visual Studio 2013\Projects\searchaddre\searchaddre\searchaddre.vcxproj”(Rebuild 个目标)的操作。

生成成功。

已用时间 00:00:01.61
