c:\users\lxasdiop\documents\visual studio 2013\projects\searchaddre\x64\win7debug\searchaddre.sys
c:\users\lxasdiop\documents\visual studio 2013\projects\searchaddre\searchaddre\x64\win7debug\searchaddre.inf
c:\users\lxasdiop\documents\visual studio 2013\projects\searchaddre\searchaddre\x64\win7debug\vc120.pdb
c:\users\lxasdiop\documents\visual studio 2013\projects\searchaddre\searchaddre\x64\win7debug\x64tool.obj
c:\users\lxasdiop\documents\visual studio 2013\projects\searchaddre\searchaddre\x64\win7debug\x64detour.obj
c:\users\lxasdiop\documents\visual studio 2013\projects\searchaddre\searchaddre\x64\win7debug\main.obj
c:\users\lxasdiop\documents\visual studio 2013\projects\searchaddre\searchaddre\x64\win7debug\hookfun.obj
c:\users\lxasdiop\documents\visual studio 2013\projects\searchaddre\searchaddre\dispg.obj
c:\users\lxasdiop\documents\visual studio 2013\projects\searchaddre\x64\win7debug\searchaddre.pdb
c:\users\lxasdiop\documents\visual studio 2013\projects\searchaddre\x64\win7debug\searchaddre.cer
c:\users\lxasdiop\documents\visual studio 2013\projects\searchaddre\x64\win7debug\searchaddre.inf
c:\users\lxasdiop\documents\visual studio 2013\projects\searchaddre\searchaddre\x64\win7debug\signtool.command.1.tlog
c:\users\lxasdiop\documents\visual studio 2013\projects\searchaddre\searchaddre\x64\win7debug\signtool.read.1.tlog
c:\users\lxasdiop\documents\visual studio 2013\projects\searchaddre\searchaddre\x64\win7debug\signtool.write.1.tlog
c:\users\lxasdiop\documents\visual studio 2013\projects\searchaddre\searchaddre\x64\win7debug\stampinf.command.1.tlog
c:\users\lxasdiop\documents\visual studio 2013\projects\searchaddre\searchaddre\x64\win7debug\stampinf.read.1.tlog
c:\users\lxasdiop\documents\visual studio 2013\projects\searchaddre\searchaddre\x64\win7debug\stampinf.write.1.tlog
c:\users\lxasdiop\documents\visual studio 2013\projects\searchaddre\searchaddre\x64\win7debug\searchaddre.tlog\cl.command.1.tlog
c:\users\lxasdiop\documents\visual studio 2013\projects\searchaddre\searchaddre\x64\win7debug\searchaddre.tlog\cl.read.1.tlog
c:\users\lxasdiop\documents\visual studio 2013\projects\searchaddre\searchaddre\x64\win7debug\searchaddre.tlog\cl.write.1.tlog
c:\users\lxasdiop\documents\visual studio 2013\projects\searchaddre\searchaddre\x64\win7debug\searchaddre.tlog\custombuild.command.1.tlog
c:\users\lxasdiop\documents\visual studio 2013\projects\searchaddre\searchaddre\x64\win7debug\searchaddre.tlog\custombuild.read.1.tlog
c:\users\lxasdiop\documents\visual studio 2013\projects\searchaddre\searchaddre\x64\win7debug\searchaddre.tlog\custombuild.write.1.tlog
c:\users\lxasdiop\documents\visual studio 2013\projects\searchaddre\searchaddre\x64\win7debug\searchaddre.tlog\link.command.1.tlog
c:\users\lxasdiop\documents\visual studio 2013\projects\searchaddre\searchaddre\x64\win7debug\searchaddre.tlog\link.read.1.tlog
c:\users\lxasdiop\documents\visual studio 2013\projects\searchaddre\searchaddre\x64\win7debug\searchaddre.tlog\link.write.1.tlog
